<?xml version="1.0" encoding="UTF-8"?>
<testng-results skipped="0" failed="1" ignored="0" total="1" passed="0">
  <reporter-output>
  </reporter-output>
  <suite name="Default suite" duration-ms="764" started-at="2021-06-29T15:02:11 EDT" finished-at="2021-06-29T15:02:12 EDT">
    <groups>
      <group name="cucumber">
        <method signature="AbstractTestNGCucumberTests.feature(cucumber.api.testng.CucumberFeatureWrapper)[pri:0, instance:testRunner.TestRunner@6a78afa0]" name="feature" class="cucumber.api.testng.AbstractTestNGCucumberTests"/>
      </group> <!-- cucumber -->
    </groups>
    <test name="Default test" duration-ms="764" started-at="2021-06-29T15:02:11 EDT" finished-at="2021-06-29T15:02:12 EDT">
      <class name="testRunner.TestRunner">
        <test-method status="PASS" signature="setUpClass()[pri:0, instance:testRunner.TestRunner@6a78afa0]" name="setUpClass" is-config="true" duration-ms="502" started-at="2021-06-29T15:02:11 EDT" finished-at="2021-06-29T15:02:12 EDT">
          <reporter-output>
          </reporter-output>
        </test-method> <!-- setUpClass -->
        <test-method status="FAIL" signature="feature(cucumber.api.testng.CucumberFeatureWrapper)[pri:0, instance:testRunner.TestRunner@6a78afa0]" name="feature" duration-ms="8" started-at="2021-06-29T15:02:12 EDT" description="Runs Cucumber Feature" data-provider="features" finished-at="2021-06-29T15:02:12 EDT">
          <params>
            <param index="0">
              <value>
                <![CDATA[cucumber.api.testng.CucumberExceptionWrapper@2f48b3d2]]>
              </value>
            </param>
          </params>
          <exception class="cucumber.runtime.CucumberException">
            <message>
              <![CDATA[Error parsing feature file Login.feature]]>
            </message>
            <full-stacktrace>
              <![CDATA[cucumber.runtime.CucumberException: Error parsing feature file Login.feature
at cucumber.runtime.FeatureBuilder.parse(FeatureBuilder.java:133)
at cucumber.runtime.model.CucumberFeature.loadFromFeaturePath(CucumberFeature.java:104)
at cucumber.runtime.model.CucumberFeature.load(CucumberFeature.java:54)
at cucumber.runtime.model.CucumberFeature.load(CucumberFeature.java:34)
at cucumber.runtime.RuntimeOptions.cucumberFeatures(RuntimeOptions.java:239)
at cucumber.api.testng.TestNGCucumberRunner.getFeatures(TestNGCucumberRunner.java:85)
at cucumber.api.testng.TestNGCucumberRunner.provideFeatures(TestNGCucumberRunner.java:94)
at cucumber.api.testng.AbstractTestNGCucumberTests.features(AbstractTestNGCucumberTests.java:29)
at sun.reflect.NativeMethodAccessorImpl.invoke0(Native Method)
at sun.reflect.NativeMethodAccessorImpl.invoke(Unknown Source)
at sun.reflect.DelegatingMethodAccessorImpl.invoke(Unknown Source)
at java.lang.reflect.Method.invoke(Unknown Source)
at org.testng.internal.MethodInvocationHelper.invokeMethod(MethodInvocationHelper.java:132)
at org.testng.internal.MethodInvocationHelper.invokeMethod(MethodInvocationHelper.java:76)
at org.testng.internal.MethodInvocationHelper.invokeMethodNoCheckedException(MethodInvocationHelper.java:45)
at org.testng.internal.MethodInvocationHelper.invokeDataProvider(MethodInvocationHelper.java:145)
at org.testng.internal.Parameters.handleParameters(Parameters.java:797)
at org.testng.internal.Parameters.handleParameters(Parameters.java:740)
at org.testng.internal.ParameterHandler.handleParameters(ParameterHandler.java:59)
at org.testng.internal.ParameterHandler.createParameters(ParameterHandler.java:38)
at org.testng.internal.TestInvoker$MethodInvocationAgent.invoke(TestInvoker.java:789)
at org.testng.internal.TestInvoker.invokeTestMethods(TestInvoker.java:147)
at org.testng.internal.TestMethodWorker.invokeTestMethods(TestMethodWorker.java:146)
at org.testng.internal.TestMethodWorker.run(TestMethodWorker.java:128)
at java.util.ArrayList.forEach(Unknown Source)
at org.testng.TestRunner.privateRun(TestRunner.java:764)
at org.testng.TestRunner.run(TestRunner.java:585)
at org.testng.SuiteRunner.runTest(SuiteRunner.java:384)
at org.testng.SuiteRunner.runSequentially(SuiteRunner.java:378)
at org.testng.SuiteRunner.privateRun(SuiteRunner.java:337)
at org.testng.SuiteRunner.run(SuiteRunner.java:286)
at org.testng.SuiteRunnerWorker.runSuite(SuiteRunnerWorker.java:53)
at org.testng.SuiteRunnerWorker.run(SuiteRunnerWorker.java:96)
at org.testng.TestNG.runSuitesSequentially(TestNG.java:1218)
at org.testng.TestNG.runSuitesLocally(TestNG.java:1140)
at org.testng.TestNG.runSuites(TestNG.java:1069)
at org.testng.TestNG.run(TestNG.java:1037)
at org.testng.remote.AbstractRemoteTestNG.run(AbstractRemoteTestNG.java:115)
at org.testng.remote.RemoteTestNG.initAndRun(RemoteTestNG.java:251)
at org.testng.remote.RemoteTestNG.main(RemoteTestNG.java:77)
Caused by: gherkin.parser.ParseError: Parse error at Login.feature:12. Found examples when expecting one of: comment, doc_string, row, scenario, scenario_outline, step, tag. (Current getState: step).
at gherkin.parser.Parser$Machine.event(Parser.java:207)
at gherkin.parser.Parser.event(Parser.java:159)
at gherkin.parser.Parser.examples(Parser.java:124)
at gherkin.lexer.En.scan(En.java:780)
at gherkin.lexer.I18nLexer.scan(I18nLexer.java:36)
at gherkin.parser.Parser.parse(Parser.java:62)
at cucumber.runtime.FeatureBuilder.parse(FeatureBuilder.java:131)
... 39 more
]]>
            </full-stacktrace>
          </exception> <!-- cucumber.runtime.CucumberException -->
          <reporter-output>
          </reporter-output>
        </test-method> <!-- feature -->
        <test-method status="PASS" signature="tearDownClass()[pri:0, instance:testRunner.TestRunner@6a78afa0]" name="tearDownClass" is-config="true" duration-ms="27" started-at="2021-06-29T15:02:12 EDT" finished-at="2021-06-29T15:02:12 EDT">
          <reporter-output>
          </reporter-output>
        </test-method> <!-- tearDownClass -->
      </class> <!-- testRunner.TestRunner -->
    </test> <!-- Default test -->
  </suite> <!-- Default suite -->
</testng-results>
